[INFO] Scanning for projects...
[WARNING] 
[WARNING] Some problems were encountered while building the effective model for com.bootcamp:CommentaireRestServices:war:1.0-SNAPSHOT
[WARNING] 'build.plugins.plugin.version' for org.apache.maven.plugins:maven-compiler-plugin is missing. @ line 295, column 21
[WARNING] 
[WARNING] It is highly recommended to fix these problems because they threaten the stability of your build.
[WARNING] 
[WARNING] For this reason, future Maven versions might no longer support building such malformed projects.
[WARNING] 
[INFO]                                                                         
[INFO] ------------------------------------------------------------------------
[INFO] Building CommentaireRestServices 1.0-SNAPSHOT
[INFO] ------------------------------------------------------------------------
[INFO] 
[INFO] >>> spring-boot-maven-plugin:1.5.3.RELEASE:run (default-cli) > test-compile @ CommentaireRestServices >>>
[INFO] 
[INFO] --- maven-resources-plugin:2.6:resources (default-resources) @ CommentaireRestServices ---
[INFO] Using 'UTF-8' encoding to copy filtered resources.
[INFO] Copying 7 resources
[INFO] Copying 21 resources
[INFO] 
[INFO] --- maven-compiler-plugin:3.2:compile (default-compile) @ CommentaireRestServices ---
[INFO] Changes detected - recompiling the module!
[INFO] Compiling 8 source files to /home/soul/bootcamp/Review Release_1.3.0/clone/commentaire.service.fonctionnel/target/classes
[INFO] 
[INFO] --- maven-resources-plugin:2.6:testResources (default-testResources) @ CommentaireRestServices ---
[INFO] Using 'UTF-8' encoding to copy filtered resources.
[INFO] Copying 6 resources
[INFO] 
[INFO] --- maven-compiler-plugin:3.2:testCompile (default-testCompile) @ CommentaireRestServices ---
[INFO] Changes detected - recompiling the module!
[INFO] Compiling 3 source files to /home/soul/bootcamp/Review Release_1.3.0/clone/commentaire.service.fonctionnel/target/test-classes
[INFO] /home/soul/bootcamp/Review Release_1.3.0/clone/commentaire.service.fonctionnel/src/test/java/com/bootcamp/service/CommentaireServiceTest.java: /home/soul/bootcamp/Review Release_1.3.0/clone/commentaire.service.fonctionnel/src/test/java/com/bootcamp/service/CommentaireServiceTest.java uses unchecked or unsafe operations.
[INFO] /home/soul/bootcamp/Review Release_1.3.0/clone/commentaire.service.fonctionnel/src/test/java/com/bootcamp/service/CommentaireServiceTest.java: Recompile with -Xlint:unchecked for details.
[INFO] 
[INFO] <<< spring-boot-maven-plugin:1.5.3.RELEASE:run (default-cli) < test-compile @ CommentaireRestServices <<<
[INFO] 
[INFO] --- spring-boot-maven-plugin:1.5.3.RELEASE:run (default-cli) @ CommentaireRestServices ---
SLF4J: Class path contains multiple SLF4J bindings.
SLF4J: Found binding in [jar:file:/home/soul/.m2/repository/org/slf4j/slf4j-log4j12/1.7.12/slf4j-log4j12-1.7.12.jar!/org/slf4j/impl/StaticLoggerBinder.class]
SLF4J: Found binding in [jar:file:/home/soul/.m2/repository/org/apache/logging/log4j/log4j-slf4j-impl/2.7/log4j-slf4j-impl-2.7.jar!/org/slf4j/impl/StaticLoggerBinder.class]
SLF4J: See http://www.slf4j.org/codes.html#multiple_bindings for an explanation.
SLF4J: Actual binding is of type [org.slf4j.impl.Log4jLoggerFactory]
log4j:WARN No appenders could be found for logger (org.springframework.web.context.support.StandardServletEnvironment).
log4j:WARN Please initialize the log4j system properly.
log4j:WARN See http://logging.apache.org/log4j/1.2/faq.html#noconfig for more info.

  .   ____          _            __ _ _
 /\\ / ___'_ __ _ _(_)_ __  __ _ \ \ \ \
( ( )\___ | '_ | '_| | '_ \/ _` | \ \ \ \
 \\/  ___)| |_)| | | | | || (_| |  ) ) ) )
  '  |____| .__|_| |_|_| |_\__, | / / / /
 =========|_|==============|___/=/_/_/_/
 :: Spring Boot ::        (v1.5.8.RELEASE)

[32m2017-12-18 20:15:55.397 WAT [background-preinit] o.h.v.i.u.Version INFO : HV000001: Hibernate Validator 5.3.5.Final
[m[EL Info]: 2017-12-18 20:19:28.871--ServerSession(435820632)--EclipseLink, version: Eclipse Persistence Services - 2.5.2.v20140319-9ad6abd
[EL Severe]: ejb: 2017-12-18 20:19:33.128--ServerSession(435820632)--Exception [EclipseLink-4002] (Eclipse Persistence Services - 2.5.2.v20140319-9ad6abd): org.eclipse.persistence.exceptions.DatabaseException
Internal Exception: java.sql.SQLException: Access denied for user 'root'@'localhost' (using password: NO)
Error Code: 1045
[EL Info]: 2017-12-18 20:19:36.737--ServerSession(435820632)--EclipseLink, version: Eclipse Persistence Services - 2.5.2.v20140319-9ad6abd
[EL Severe]: ejb: 2017-12-18 20:19:36.901--ServerSession(435820632)--Exception [EclipseLink-4002] (Eclipse Persistence Services - 2.5.2.v20140319-9ad6abd): org.eclipse.persistence.exceptions.DatabaseException
Internal Exception: java.sql.SQLException: Access denied for user 'root'@'localhost' (using password: NO)
Error Code: 1045
[EL Info]: 2017-12-18 20:19:39.823--ServerSession(415035364)--EclipseLink, version: Eclipse Persistence Services - 2.5.2.v20140319-9ad6abd
[EL Info]: connection: 2017-12-18 20:19:45.371--ServerSession(415035364)--file:/home/soul/.m2/repository/com/bootcamp/db-access/1.0-SNAPSHOT/db-access-1.0-SNAPSHOT.jar_databasePU login successful
[EL Info]: 2017-12-18 20:43:44.307--ServerSession(31076140)--EclipseLink, version: Eclipse Persistence Services - 2.5.2.v20140319-9ad6abd
[EL Severe]: ejb: 2017-12-18 20:43:46.304--ServerSession(31076140)--Exception [EclipseLink-4002] (Eclipse Persistence Services - 2.5.2.v20140319-9ad6abd): org.eclipse.persistence.exceptions.DatabaseException
Internal Exception: java.sql.SQLException: Access denied for user 'root'@'localhost' (using password: NO)
Error Code: 1045
[EL Info]: 2017-12-18 20:43:48.25--ServerSession(31076140)--EclipseLink, version: Eclipse Persistence Services - 2.5.2.v20140319-9ad6abd
[EL Severe]: ejb: 2017-12-18 20:43:48.655--ServerSession(31076140)--Exception [EclipseLink-4002] (Eclipse Persistence Services - 2.5.2.v20140319-9ad6abd): org.eclipse.persistence.exceptions.DatabaseException
Internal Exception: java.sql.SQLException: Access denied for user 'root'@'localhost' (using password: NO)
Error Code: 1045
[EL Info]: 2017-12-18 20:43:49.551--ServerSession(31076140)--EclipseLink, version: Eclipse Persistence Services - 2.5.2.v20140319-9ad6abd
[EL Severe]: ejb: 2017-12-18 20:43:49.63--ServerSession(31076140)--Exception [EclipseLink-4002] (Eclipse Persistence Services - 2.5.2.v20140319-9ad6abd): org.eclipse.persistence.exceptions.DatabaseException
Internal Exception: java.sql.SQLException: Access denied for user 'root'@'localhost' (using password: NO)
Error Code: 1045
[EL Info]: 2017-12-18 20:43:49.951--ServerSession(31076140)--EclipseLink, version: Eclipse Persistence Services - 2.5.2.v20140319-9ad6abd
[EL Severe]: ejb: 2017-12-18 20:43:50.044--ServerSession(31076140)--Exception [EclipseLink-4002] (Eclipse Persistence Services - 2.5.2.v20140319-9ad6abd): org.eclipse.persistence.exceptions.DatabaseException
Internal Exception: java.sql.SQLException: Access denied for user 'root'@'localhost' (using password: NO)
Error Code: 1045
[EL Info]: 2017-12-18 20:43:50.479--ServerSession(31076140)--EclipseLink, version: Eclipse Persistence Services - 2.5.2.v20140319-9ad6abd
[EL Severe]: ejb: 2017-12-18 20:43:50.67--ServerSession(31076140)--Exception [EclipseLink-4002] (Eclipse Persistence Services - 2.5.2.v20140319-9ad6abd): org.eclipse.persistence.exceptions.DatabaseException
Internal Exception: java.sql.SQLException: Access denied for user 'root'@'localhost' (using password: NO)
Error Code: 1045
